EDA Netlist Writer report for mma_top
Thu Oct 02 22:52:21 2014
Quartus II Version 9.1 Build 222 10/21/2009 SJ Web Edition


---------------------
; Table of Contents ;
---------------------
  1. Legal Notice
  2. EDA Netlist Writer Summary
  3. Simulation Settings
  4. Simulation Generated Files
  5. EDA Netlist Writer Messages



----------------
; Legal Notice ;
----------------
Copyright (C) 1991-2009 Altera Corporation
Your use of Altera Corporation's design tools, logic functions 
and other software and tools, and its AMPP partner logic 
functions, and any output files from any of the foregoing 
(including device programming or simulation files), and any 
associated documentation or information are expressly subject 
to the terms and conditions of the Altera Program License 
Subscription Agreement, Altera MegaCore Function License 
Agreement, or other applicable license agreement, including, 
without limitation, that your use is for the sole purpose of 
programming logic devices manufactured by Altera and sold by 
Altera or its authorized distributors.  Please refer to the 
applicable agreement for further details.



+-------------------------------------------------------------------+
; EDA Netlist Writer Summary                                        ;
+---------------------------+---------------------------------------+
; EDA Netlist Writer Status ; Successful - Thu Oct 02 22:52:21 2014 ;
; Revision Name             ; mma_top                               ;
; Top-level Entity Name     ; mma_top                               ;
; Family                    ; Cyclone III                           ;
; Simulation Files Creation ; Successful                            ;
+---------------------------+---------------------------------------+


+-------------------------------------------------------------------------------------------------------------------------------+
; Simulation Settings                                                                                                           ;
+---------------------------------------------------------------------------------------------------+---------------------------+
; Option                                                                                            ; Setting                   ;
+---------------------------------------------------------------------------------------------------+---------------------------+
; Tool Name                                                                                         ; ModelSim-Altera (Verilog) ;
; Generate netlist for functional simulation only                                                   ; Off                       ;
; Time scale                                                                                        ; 1 ns                      ;
; Truncate long hierarchy paths                                                                     ; Off                       ;
; Map illegal HDL characters                                                                        ; Off                       ;
; Flatten buses into individual nodes                                                               ; Off                       ;
; Maintain hierarchy                                                                                ; Off                       ;
; Bring out device-wide set/reset signals as ports                                                  ; Off                       ;
; Enable glitch filtering                                                                           ; Off                       ;
; Do not write top level VHDL entity                                                                ; Off                       ;
; Disable detection of setup and hold time violations in the input registers of bi-directional pins ; Off                       ;
; Architecture name in VHDL output netlist                                                          ; structure                 ;
; Generate third-party EDA tool command script for RTL functional simulation                        ; Off                       ;
; Generate third-party EDA tool command script for gate-level simulation                            ; Off                       ;
+---------------------------------------------------------------------------------------------------+---------------------------+


+----------------------------------------------------------------------------+
; Simulation Generated Files                                                 ;
+----------------------------------------------------------------------------+
; Generated Files                                                            ;
+----------------------------------------------------------------------------+
; E:/myverilog/mma_top1/simulation/modelsim/mma_top_8_1200mv_85c_slow.vo     ;
; E:/myverilog/mma_top1/simulation/modelsim/mma_top_8_1200mv_0c_slow.vo      ;
; E:/myverilog/mma_top1/simulation/modelsim/mma_top_min_1200mv_0c_fast.vo    ;
; E:/myverilog/mma_top1/simulation/modelsim/mma_top.vo                       ;
; E:/myverilog/mma_top1/simulation/modelsim/mma_top_8_1200mv_85c_v_slow.sdo  ;
; E:/myverilog/mma_top1/simulation/modelsim/mma_top_8_1200mv_0c_v_slow.sdo   ;
; E:/myverilog/mma_top1/simulation/modelsim/mma_top_min_1200mv_0c_v_fast.sdo ;
; E:/myverilog/mma_top1/simulation/modelsim/mma_top_v.sdo                    ;
+----------------------------------------------------------------------------+


+-----------------------------+
; EDA Netlist Writer Messages ;
+-----------------------------+
Info: *******************************************************************
Info: Running Quartus II EDA Netlist Writer
    Info: Version 9.1 Build 222 10/21/2009 SJ Web Edition
    Info: Processing started: Thu Oct 02 22:52:17 2014
Info: Command: quartus_eda --read_settings_files=off --write_settings_files=off mma_top -c mma_top
Warning: An incorrect timescale is selected for the Verilog Output (.VO) file of this PLL design. It's required that the timescale should be 1 ps when simulating a PLL design in a third party EDA tool.
Info: Generated file mma_top_8_1200mv_85c_slow.vo in folder "E:/myverilog/mma_top1/simulation/modelsim/" for EDA simulation tool
Warning: An incorrect timescale is selected for the Verilog Output (.VO) file of this PLL design. It's required that the timescale should be 1 ps when simulating a PLL design in a third party EDA tool.
Info: Generated file mma_top_8_1200mv_0c_slow.vo in folder "E:/myverilog/mma_top1/simulation/modelsim/" for EDA simulation tool
Warning: An incorrect timescale is selected for the Verilog Output (.VO) file of this PLL design. It's required that the timescale should be 1 ps when simulating a PLL design in a third party EDA tool.
Info: Generated file mma_top_min_1200mv_0c_fast.vo in folder "E:/myverilog/mma_top1/simulation/modelsim/" for EDA simulation tool
Warning: An incorrect timescale is selected for the Verilog Output (.VO) file of this PLL design. It's required that the timescale should be 1 ps when simulating a PLL design in a third party EDA tool.
Info: Generated file mma_top.vo in folder "E:/myverilog/mma_top1/simulation/modelsim/" for EDA simulation tool
Info: Generated file mma_top_8_1200mv_85c_v_slow.sdo in folder "E:/myverilog/mma_top1/simulation/modelsim/" for EDA simulation tool
Info: Generated file mma_top_8_1200mv_0c_v_slow.sdo in folder "E:/myverilog/mma_top1/simulation/modelsim/" for EDA simulation tool
Info: Generated file mma_top_min_1200mv_0c_v_fast.sdo in folder "E:/myverilog/mma_top1/simulation/modelsim/" for EDA simulation tool
Info: Generated file mma_top_v.sdo in folder "E:/myverilog/mma_top1/simulation/modelsim/" for EDA simulation tool
Info: Quartus II EDA Netlist Writer was successful. 0 errors, 4 warnings
    Info: Peak virtual memory: 172 megabytes
    Info: Processing ended: Thu Oct 02 22:52:21 2014
    Info: Elapsed time: 00:00:04
    Info: Total CPU time (on all processors): 00:00:04


